2022-05-17 10:12:00,613 INFO com.cts.sbjpa.sbjpa12.Sbjpa12Application [restartedMain] Starting Sbjpa12Application using Java 17.0.2 on LAPTOP-MPUM9GCG with PID 16452 (D:\java\Spring\sbjpa12\springbootjpa\target\classes started by Ritwick in D:\java\Spring\sbjpa12\springbootjpa)
2022-05-17 10:12:00,614 DEBUG com.cts.sbjpa.sbjpa12.Sbjpa12Application [restartedMain] Running with Spring Boot v2.6.7, Spring v5.3.19
2022-05-17 10:12:00,615 INFO com.cts.sbjpa.sbjpa12.Sbjpa12Application [restartedMain] No active profile set, falling back to 1 default profile: "default"
2022-05-17 10:12:01,606 INFO org.springframework.boot.devtools.env.DevToolsPropertyDefaultsPostProcessor [restartedMain] Devtools property defaults active! Set 'spring.devtools.add-properties' to 'false' to disable
2022-05-17 10:12:01,606 INFO org.springframework.boot.devtools.env.DevToolsPropertyDefaultsPostProcessor [restartedMain] For additional web related logging consider setting the 'logging.level.web' property to 'DEBUG'
2022-05-17 10:12:08,506 INFO org.springframework.data.repository.config.RepositoryConfigurationDelegate [restartedMain] Bootstrapping Spring Data JPA repositories in DEFAULT mode.
2022-05-17 10:12:09,090 INFO org.springframework.data.repository.config.RepositoryConfigurationDelegate [restartedMain] Finished Spring Data repository scanning in 502 ms. Found 1 JPA repository interfaces.
2022-05-17 10:12:13,059 INFO org.springframework.boot.web.embedded.tomcat.TomcatWebServer [restartedMain] Tomcat initialized with port(s): 9090 (http)
2022-05-17 10:12:13,146 INFO org.apache.catalina.core.StandardService [restartedMain] Starting service [Tomcat]
2022-05-17 10:12:13,147 INFO org.apache.catalina.core.StandardEngine [restartedMain] Starting Servlet engine: [Apache Tomcat/9.0.62]
2022-05-17 10:12:13,362 INFO org.apache.catalina.core.ContainerBase.[Tomcat].[localhost].[/] [restartedMain] Initializing Spring embedded WebApplicationContext
2022-05-17 10:12:13,362 INFO org.springframework.boot.web.servlet.context.ServletWebServerApplicationContext [restartedMain] Root WebApplicationContext: initialization completed in 11707 ms
2022-05-17 10:12:14,193 INFO org.hibernate.jpa.internal.util.LogHelper [restartedMain] HHH000204: Processing PersistenceUnitInfo [name: default]
2022-05-17 10:12:14,471 INFO org.hibernate.Version [restartedMain] HHH000412: Hibernate ORM core version 5.6.8.Final
2022-05-17 10:12:14,927 INFO org.hibernate.annotations.common.Version [restartedMain] HCANN000001: Hibernate Commons Annotations {5.1.2.Final}
2022-05-17 10:12:15,334 INFO com.zaxxer.hikari.HikariDataSource [restartedMain] HikariPool-1 - Starting...
2022-05-17 10:12:21,059 INFO com.zaxxer.hikari.HikariDataSource [restartedMain] HikariPool-1 - Start completed.
2022-05-17 10:12:21,211 INFO org.hibernate.dialect.Dialect [restartedMain] HHH000400: Using dialect: org.hibernate.dialect.MySQL5Dialect
2022-05-17 10:12:25,544 INFO org.hibernate.engine.transaction.jta.platform.internal.JtaPlatformInitiator [restartedMain] HHH000490: Using JtaPlatform implementation: [org.hibernate.engine.transaction.jta.platform.internal.NoJtaPlatform]
2022-05-17 10:12:25,553 INFO org.springframework.orm.jpa.LocalContainerEntityManagerFactoryBean [restartedMain] Initialized JPA EntityManagerFactory for persistence unit 'default'
2022-05-17 10:12:26,228 WARN org.springframework.boot.autoconfigure.orm.jpa.JpaBaseConfiguration$JpaWebConfiguration [restartedMain] spring.jpa.open-in-view is enabled by default. Therefore, database queries may be performed during view rendering. Explicitly configure spring.jpa.open-in-view to disable this warning
2022-05-17 10:12:26,891 INFO org.springframework.boot.devtools.autoconfigure.OptionalLiveReloadServer [restartedMain] LiveReload server is running on port 35729
2022-05-17 10:12:26,962 INFO org.springframework.boot.web.embedded.tomcat.TomcatWebServer [restartedMain] Tomcat started on port(s): 9090 (http) with context path ''
2022-05-17 10:12:26,977 INFO com.cts.sbjpa.sbjpa12.Sbjpa12Application [restartedMain] Started Sbjpa12Application in 29.853 seconds (JVM running for 33.606)
2022-05-17 10:16:06,600 INFO org.apache.catalina.core.ContainerBase.[Tomcat].[localhost].[/] [http-nio-9090-exec-1] Initializing Spring DispatcherServlet 'dispatcherServlet'
2022-05-17 10:16:06,601 INFO org.springframework.web.servlet.DispatcherServlet [http-nio-9090-exec-1] Initializing Servlet 'dispatcherServlet'
2022-05-17 10:16:06,603 INFO org.springframework.web.servlet.DispatcherServlet [http-nio-9090-exec-1] Completed initialization in 2 ms
2022-05-17 10:17:55,289 INFO org.springframework.orm.jpa.LocalContainerEntityManagerFactoryBean [Thread-5] Closing JPA EntityManagerFactory for persistence unit 'default'
2022-05-17 10:17:55,295 INFO com.zaxxer.hikari.HikariDataSource [Thread-5] HikariPool-1 - Shutdown initiated...
2022-05-17 10:17:55,385 INFO com.zaxxer.hikari.HikariDataSource [Thread-5] HikariPool-1 - Shutdown completed.
2022-05-17 10:17:55,558 INFO com.cts.sbjpa.sbjpa12.Sbjpa12Application [restartedMain] Starting Sbjpa12Application using Java 17.0.2 on LAPTOP-MPUM9GCG with PID 16452 (D:\java\Spring\sbjpa12\springbootjpa\target\classes started by Ritwick in D:\java\Spring\sbjpa12\springbootjpa)
2022-05-17 10:17:55,558 DEBUG com.cts.sbjpa.sbjpa12.Sbjpa12Application [restartedMain] Running with Spring Boot v2.6.7, Spring v5.3.19
2022-05-17 10:17:55,559 INFO com.cts.sbjpa.sbjpa12.Sbjpa12Application [restartedMain] No active profile set, falling back to 1 default profile: "default"
2022-05-17 10:17:56,127 INFO org.springframework.data.repository.config.RepositoryConfigurationDelegate [restartedMain] Bootstrapping Spring Data JPA repositories in DEFAULT mode.
2022-05-17 10:17:56,130 INFO org.springframework.data.repository.config.RepositoryConfigurationDelegate [restartedMain] Finished Spring Data repository scanning in 2 ms. Found 0 JPA repository interfaces.
2022-05-17 10:17:56,442 INFO org.springframework.boot.web.embedded.tomcat.TomcatWebServer [restartedMain] Tomcat initialized with port(s): 9090 (http)
2022-05-17 10:17:56,510 INFO org.springframework.boot.web.servlet.context.ServletWebServerApplicationContext [restartedMain] Root WebApplicationContext: initialization completed in 944 ms
2022-05-17 10:17:56,596 INFO org.hibernate.jpa.internal.util.LogHelper [restartedMain] HHH000204: Processing PersistenceUnitInfo [name: default]
2022-05-17 10:17:56,608 INFO com.zaxxer.hikari.HikariDataSource [restartedMain] HikariPool-2 - Starting...
2022-05-17 10:17:56,688 INFO com.zaxxer.hikari.HikariDataSource [restartedMain] HikariPool-2 - Start completed.
2022-05-17 10:17:56,689 INFO org.hibernate.dialect.Dialect [restartedMain] HHH000400: Using dialect: org.hibernate.dialect.MySQL5Dialect
2022-05-17 10:17:56,747 INFO org.hibernate.engine.transaction.jta.platform.internal.JtaPlatformInitiator [restartedMain] HHH000490: Using JtaPlatform implementation: [org.hibernate.engine.transaction.jta.platform.internal.NoJtaPlatform]
2022-05-17 10:17:56,748 INFO org.springframework.orm.jpa.LocalContainerEntityManagerFactoryBean [restartedMain] Initialized JPA EntityManagerFactory for persistence unit 'default'
2022-05-17 10:17:56,804 WARN org.springframework.boot.autoconfigure.orm.jpa.JpaBaseConfiguration$JpaWebConfiguration [restartedMain] spring.jpa.open-in-view is enabled by default. Therefore, database queries may be performed during view rendering. Explicitly configure spring.jpa.open-in-view to disable this warning
2022-05-17 10:17:57,269 INFO org.springframework.boot.devtools.autoconfigure.OptionalLiveReloadServer [restartedMain] LiveReload server is running on port 35729
2022-05-17 10:17:57,294 INFO org.springframework.boot.web.embedded.tomcat.TomcatWebServer [restartedMain] Tomcat started on port(s): 9090 (http) with context path ''
2022-05-17 10:17:57,307 INFO com.cts.sbjpa.sbjpa12.Sbjpa12Application [restartedMain] Started Sbjpa12Application in 1.819 seconds (JVM running for 363.936)
2022-05-17 10:17:57,312 INFO org.springframework.boot.devtools.autoconfigure.ConditionEvaluationDeltaLoggingListener [restartedMain] Condition evaluation unchanged
2022-05-17 10:17:57,360 INFO org.springframework.orm.jpa.LocalContainerEntityManagerFactoryBean [SpringApplicationShutdownHook] Closing JPA EntityManagerFactory for persistence unit 'default'
2022-05-17 10:17:57,363 INFO com.zaxxer.hikari.HikariDataSource [SpringApplicationShutdownHook] HikariPool-2 - Shutdown initiated...
2022-05-17 10:17:57,402 INFO com.zaxxer.hikari.HikariDataSource [SpringApplicationShutdownHook] HikariPool-2 - Shutdown completed.
2022-05-17 10:18:14,485 INFO com.cts.sbjpa.sbjpa12.Sbjpa12Application [restartedMain] Starting Sbjpa12Application using Java 17.0.2 on LAPTOP-MPUM9GCG with PID 15032 (D:\java\Spring\sbjpa12\springbootjpa\target\classes started by Ritwick in D:\java\Spring\sbjpa12\springbootjpa)
2022-05-17 10:18:14,486 DEBUG com.cts.sbjpa.sbjpa12.Sbjpa12Application [restartedMain] Running with Spring Boot v2.6.7, Spring v5.3.19
2022-05-17 10:18:14,487 INFO com.cts.sbjpa.sbjpa12.Sbjpa12Application [restartedMain] No active profile set, falling back to 1 default profile: "default"
2022-05-17 10:18:14,579 INFO org.springframework.boot.devtools.env.DevToolsPropertyDefaultsPostProcessor [restartedMain] Devtools property defaults active! Set 'spring.devtools.add-properties' to 'false' to disable
2022-05-17 10:18:14,580 INFO org.springframework.boot.devtools.env.DevToolsPropertyDefaultsPostProcessor [restartedMain] For additional web related logging consider setting the 'logging.level.web' property to 'DEBUG'
2022-05-17 10:18:15,888 INFO org.springframework.data.repository.config.RepositoryConfigurationDelegate [restartedMain] Bootstrapping Spring Data JPA repositories in DEFAULT mode.
2022-05-17 10:18:16,056 INFO org.springframework.data.repository.config.RepositoryConfigurationDelegate [restartedMain] Finished Spring Data repository scanning in 136 ms. Found 1 JPA repository interfaces.
2022-05-17 10:18:18,208 INFO org.springframework.boot.web.embedded.tomcat.TomcatWebServer [restartedMain] Tomcat initialized with port(s): 9090 (http)
2022-05-17 10:18:18,245 INFO org.apache.catalina.core.StandardService [restartedMain] Starting service [Tomcat]
2022-05-17 10:18:18,247 INFO org.apache.catalina.core.StandardEngine [restartedMain] Starting Servlet engine: [Apache Tomcat/9.0.62]
2022-05-17 10:18:18,558 INFO org.apache.catalina.core.ContainerBase.[Tomcat].[localhost].[/] [restartedMain] Initializing Spring embedded WebApplicationContext
2022-05-17 10:18:18,558 INFO org.springframework.boot.web.servlet.context.ServletWebServerApplicationContext [restartedMain] Root WebApplicationContext: initialization completed in 3977 ms
2022-05-17 10:18:19,180 INFO org.hibernate.jpa.internal.util.LogHelper [restartedMain] HHH000204: Processing PersistenceUnitInfo [name: default]
2022-05-17 10:18:19,353 INFO org.hibernate.Version [restartedMain] HHH000412: Hibernate ORM core version 5.6.8.Final
2022-05-17 10:18:19,877 INFO org.hibernate.annotations.common.Version [restartedMain] HCANN000001: Hibernate Commons Annotations {5.1.2.Final}
2022-05-17 10:18:20,191 INFO com.zaxxer.hikari.HikariDataSource [restartedMain] HikariPool-1 - Starting...
2022-05-17 10:18:20,765 INFO com.zaxxer.hikari.HikariDataSource [restartedMain] HikariPool-1 - Start completed.
2022-05-17 10:18:20,798 INFO org.hibernate.dialect.Dialect [restartedMain] HHH000400: Using dialect: org.hibernate.dialect.MySQL5Dialect
2022-05-17 10:18:22,084 INFO org.hibernate.engine.transaction.jta.platform.internal.JtaPlatformInitiator [restartedMain] HHH000490: Using JtaPlatform implementation: [org.hibernate.engine.transaction.jta.platform.internal.NoJtaPlatform]
2022-05-17 10:18:22,118 INFO org.springframework.orm.jpa.LocalContainerEntityManagerFactoryBean [restartedMain] Initialized JPA EntityManagerFactory for persistence unit 'default'
2022-05-17 10:18:23,093 WARN org.springframework.boot.autoconfigure.orm.jpa.JpaBaseConfiguration$JpaWebConfiguration [restartedMain] spring.jpa.open-in-view is enabled by default. Therefore, database queries may be performed during view rendering. Explicitly configure spring.jpa.open-in-view to disable this warning
2022-05-17 10:18:24,170 INFO org.springframework.boot.devtools.autoconfigure.OptionalLiveReloadServer [restartedMain] LiveReload server is running on port 35729
2022-05-17 10:18:24,297 INFO org.springframework.boot.web.embedded.tomcat.TomcatWebServer [restartedMain] Tomcat started on port(s): 9090 (http) with context path ''
2022-05-17 10:18:24,340 INFO com.cts.sbjpa.sbjpa12.Sbjpa12Application [restartedMain] Started Sbjpa12Application in 11.174 seconds (JVM running for 13.301)
2022-05-17 10:18:57,825 INFO org.apache.catalina.core.ContainerBase.[Tomcat].[localhost].[/] [http-nio-9090-exec-3] Initializing Spring DispatcherServlet 'dispatcherServlet'
2022-05-17 10:18:57,825 INFO org.springframework.web.servlet.DispatcherServlet [http-nio-9090-exec-3] Initializing Servlet 'dispatcherServlet'
2022-05-17 10:18:57,826 INFO org.springframework.web.servlet.DispatcherServlet [http-nio-9090-exec-3] Completed initialization in 1 ms
2022-05-17 10:20:18,562 INFO org.springframework.orm.jpa.LocalContainerEntityManagerFactoryBean [Thread-5] Closing JPA EntityManagerFactory for persistence unit 'default'
2022-05-17 10:20:18,566 INFO com.zaxxer.hikari.HikariDataSource [Thread-5] HikariPool-1 - Shutdown initiated...
2022-05-17 10:20:18,584 INFO com.zaxxer.hikari.HikariDataSource [Thread-5] HikariPool-1 - Shutdown completed.
2022-05-17 10:21:12,437 INFO com.cts.sbjpa.sbjpa12.Sbjpa12Application [restartedMain] Starting Sbjpa12Application using Java 17.0.2 on LAPTOP-MPUM9GCG with PID 15032 (D:\java\Spring\sbjpa12\springbootjpa\target\classes started by Ritwick in D:\java\Spring\sbjpa12\springbootjpa)
2022-05-17 10:21:12,437 DEBUG com.cts.sbjpa.sbjpa12.Sbjpa12Application [restartedMain] Running with Spring Boot v2.6.7, Spring v5.3.19
2022-05-17 10:21:12,437 INFO com.cts.sbjpa.sbjpa12.Sbjpa12Application [restartedMain] No active profile set, falling back to 1 default profile: "default"
2022-05-17 10:21:13,004 INFO org.springframework.data.repository.config.RepositoryConfigurationDelegate [restartedMain] Bootstrapping Spring Data JPA repositories in DEFAULT mode.
2022-05-17 10:21:13,062 INFO org.springframework.data.repository.config.RepositoryConfigurationDelegate [restartedMain] Finished Spring Data repository scanning in 57 ms. Found 1 JPA repository interfaces.
2022-05-17 10:21:13,399 INFO org.springframework.boot.web.embedded.tomcat.TomcatWebServer [restartedMain] Tomcat initialized with port(s): 9090 (http)
2022-05-17 10:21:13,401 INFO org.apache.catalina.core.StandardService [restartedMain] Starting service [Tomcat]
2022-05-17 10:21:13,402 INFO org.apache.catalina.core.StandardEngine [restartedMain] Starting Servlet engine: [Apache Tomcat/9.0.62]
2022-05-17 10:21:13,546 INFO org.apache.catalina.core.ContainerBase.[Tomcat].[localhost].[/] [restartedMain] Initializing Spring embedded WebApplicationContext
2022-05-17 10:21:13,546 INFO org.springframework.boot.web.servlet.context.ServletWebServerApplicationContext [restartedMain] Root WebApplicationContext: initialization completed in 1105 ms
2022-05-17 10:21:13,649 INFO org.hibernate.jpa.internal.util.LogHelper [restartedMain] HHH000204: Processing PersistenceUnitInfo [name: default]
2022-05-17 10:21:13,670 INFO com.zaxxer.hikari.HikariDataSource [restartedMain] HikariPool-3 - Starting...
2022-05-17 10:21:13,755 INFO com.zaxxer.hikari.HikariDataSource [restartedMain] HikariPool-3 - Start completed.
2022-05-17 10:21:13,756 INFO org.hibernate.dialect.Dialect [restartedMain] HHH000400: Using dialect: org.hibernate.dialect.MySQL5Dialect
2022-05-17 10:21:13,879 INFO org.hibernate.engine.transaction.jta.platform.internal.JtaPlatformInitiator [restartedMain] HHH000490: Using JtaPlatform implementation: [org.hibernate.engine.transaction.jta.platform.internal.NoJtaPlatform]
2022-05-17 10:21:13,879 INFO org.springframework.orm.jpa.LocalContainerEntityManagerFactoryBean [restartedMain] Initialized JPA EntityManagerFactory for persistence unit 'default'
2022-05-17 10:21:14,301 WARN org.springframework.boot.autoconfigure.orm.jpa.JpaBaseConfiguration$JpaWebConfiguration [restartedMain] spring.jpa.open-in-view is enabled by default. Therefore, database queries may be performed during view rendering. Explicitly configure spring.jpa.open-in-view to disable this warning
2022-05-17 10:21:14,488 INFO org.springframework.boot.devtools.autoconfigure.OptionalLiveReloadServer [restartedMain] LiveReload server is running on port 35729
2022-05-17 10:21:14,507 INFO org.springframework.boot.web.embedded.tomcat.TomcatWebServer [restartedMain] Tomcat started on port(s): 9090 (http) with context path ''
2022-05-17 10:21:14,515 INFO com.cts.sbjpa.sbjpa12.Sbjpa12Application [restartedMain] Started Sbjpa12Application in 2.132 seconds (JVM running for 183.476)
2022-05-17 10:21:14,518 INFO org.springframework.boot.devtools.autoconfigure.ConditionEvaluationDeltaLoggingListener [restartedMain] Condition evaluation unchanged
2022-05-17 10:22:11,969 INFO org.apache.catalina.core.ContainerBase.[Tomcat].[localhost].[/] [http-nio-9090-exec-1] Initializing Spring DispatcherServlet 'dispatcherServlet'
2022-05-17 10:22:11,969 INFO org.springframework.web.servlet.DispatcherServlet [http-nio-9090-exec-1] Initializing Servlet 'dispatcherServlet'
2022-05-17 10:22:11,970 INFO org.springframework.web.servlet.DispatcherServlet [http-nio-9090-exec-1] Completed initialization in 1 ms
2022-05-17 10:23:13,561 WARN org.springframework.web.servlet.mvc.support.DefaultHandlerExceptionResolver [http-nio-9090-exec-3] Resolved [org.springframework.web.HttpRequestMethodNotSupportedException: Request method 'GET' not supported]
2022-05-17 10:24:09,871 INFO org.springframework.orm.jpa.LocalContainerEntityManagerFactoryBean [Thread-11] Closing JPA EntityManagerFactory for persistence unit 'default'
2022-05-17 10:24:09,872 INFO com.zaxxer.hikari.HikariDataSource [Thread-11] HikariPool-3 - Shutdown initiated...
2022-05-17 10:24:09,887 INFO com.zaxxer.hikari.HikariDataSource [Thread-11] HikariPool-3 - Shutdown completed.
2022-05-17 10:24:10,052 INFO com.cts.sbjpa.sbjpa12.Sbjpa12Application [restartedMain] Starting Sbjpa12Application using Java 17.0.2 on LAPTOP-MPUM9GCG with PID 15032 (D:\java\Spring\sbjpa12\springbootjpa\target\classes started by Ritwick in D:\java\Spring\sbjpa12\springbootjpa)
2022-05-17 10:24:10,053 DEBUG com.cts.sbjpa.sbjpa12.Sbjpa12Application [restartedMain] Running with Spring Boot v2.6.7, Spring v5.3.19
2022-05-17 10:24:10,054 INFO com.cts.sbjpa.sbjpa12.Sbjpa12Application [restartedMain] No active profile set, falling back to 1 default profile: "default"
2022-05-17 10:24:10,491 INFO org.springframework.data.repository.config.RepositoryConfigurationDelegate [restartedMain] Bootstrapping Spring Data JPA repositories in DEFAULT mode.
2022-05-17 10:24:10,515 INFO org.springframework.data.repository.config.RepositoryConfigurationDelegate [restartedMain] Finished Spring Data repository scanning in 21 ms. Found 1 JPA repository interfaces.
2022-05-17 10:24:10,727 INFO org.springframework.boot.web.embedded.tomcat.TomcatWebServer [restartedMain] Tomcat initialized with port(s): 9090 (http)
2022-05-17 10:24:10,731 INFO org.apache.catalina.core.StandardService [restartedMain] Starting service [Tomcat]
2022-05-17 10:24:10,732 INFO org.apache.catalina.core.StandardEngine [restartedMain] Starting Servlet engine: [Apache Tomcat/9.0.62]
2022-05-17 10:24:10,847 INFO org.apache.catalina.core.ContainerBase.[Tomcat].[localhost].[/] [restartedMain] Initializing Spring embedded WebApplicationContext
2022-05-17 10:24:10,848 INFO org.springframework.boot.web.servlet.context.ServletWebServerApplicationContext [restartedMain] Root WebApplicationContext: initialization completed in 789 ms
2022-05-17 10:24:10,946 INFO org.hibernate.jpa.internal.util.LogHelper [restartedMain] HHH000204: Processing PersistenceUnitInfo [name: default]
2022-05-17 10:24:10,956 INFO com.zaxxer.hikari.HikariDataSource [restartedMain] HikariPool-4 - Starting...
2022-05-17 10:24:11,018 INFO com.zaxxer.hikari.HikariDataSource [restartedMain] HikariPool-4 - Start completed.
2022-05-17 10:24:11,019 INFO org.hibernate.dialect.Dialect [restartedMain] HHH000400: Using dialect: org.hibernate.dialect.MySQL5Dialect
2022-05-17 10:24:11,120 INFO org.hibernate.engine.transaction.jta.platform.internal.JtaPlatformInitiator [restartedMain] HHH000490: Using JtaPlatform implementation: [org.hibernate.engine.transaction.jta.platform.internal.NoJtaPlatform]
2022-05-17 10:24:11,121 INFO org.springframework.orm.jpa.LocalContainerEntityManagerFactoryBean [restartedMain] Initialized JPA EntityManagerFactory for persistence unit 'default'
2022-05-17 10:24:11,302 WARN org.springframework.boot.autoconfigure.orm.jpa.JpaBaseConfiguration$JpaWebConfiguration [restartedMain] spring.jpa.open-in-view is enabled by default. Therefore, database queries may be performed during view rendering. Explicitly configure spring.jpa.open-in-view to disable this warning
2022-05-17 10:24:11,542 INFO org.springframework.boot.devtools.autoconfigure.OptionalLiveReloadServer [restartedMain] LiveReload server is running on port 35729
2022-05-17 10:24:11,560 INFO org.springframework.boot.web.embedded.tomcat.TomcatWebServer [restartedMain] Tomcat started on port(s): 9090 (http) with context path ''
2022-05-17 10:24:11,568 INFO com.cts.sbjpa.sbjpa12.Sbjpa12Application [restartedMain] Started Sbjpa12Application in 1.591 seconds (JVM running for 360.529)
2022-05-17 10:24:11,571 INFO org.springframework.boot.devtools.autoconfigure.ConditionEvaluationDeltaLoggingListener [restartedMain] Condition evaluation unchanged
2022-05-17 10:24:15,121 INFO org.springframework.orm.jpa.LocalContainerEntityManagerFactoryBean [Thread-15] Closing JPA EntityManagerFactory for persistence unit 'default'
2022-05-17 10:24:15,128 INFO com.zaxxer.hikari.HikariDataSource [Thread-15] HikariPool-4 - Shutdown initiated...
2022-05-17 10:24:15,145 INFO com.zaxxer.hikari.HikariDataSource [Thread-15] HikariPool-4 - Shutdown completed.
2022-05-17 10:24:15,363 INFO com.cts.sbjpa.sbjpa12.Sbjpa12Application [restartedMain] Starting Sbjpa12Application using Java 17.0.2 on LAPTOP-MPUM9GCG with PID 15032 (D:\java\Spring\sbjpa12\springbootjpa\target\classes started by Ritwick in D:\java\Spring\sbjpa12\springbootjpa)
2022-05-17 10:24:15,364 DEBUG com.cts.sbjpa.sbjpa12.Sbjpa12Application [restartedMain] Running with Spring Boot v2.6.7, Spring v5.3.19
2022-05-17 10:24:15,365 INFO com.cts.sbjpa.sbjpa12.Sbjpa12Application [restartedMain] No active profile set, falling back to 1 default profile: "default"
2022-05-17 10:24:16,016 INFO org.springframework.data.repository.config.RepositoryConfigurationDelegate [restartedMain] Bootstrapping Spring Data JPA repositories in DEFAULT mode.
2022-05-17 10:24:16,030 INFO org.springframework.data.repository.config.RepositoryConfigurationDelegate [restartedMain] Finished Spring Data repository scanning in 14 ms. Found 1 JPA repository interfaces.
2022-05-17 10:24:16,154 INFO org.springframework.boot.web.embedded.tomcat.TomcatWebServer [restartedMain] Tomcat initialized with port(s): 9090 (http)
2022-05-17 10:24:16,155 INFO org.apache.catalina.core.StandardService [restartedMain] Starting service [Tomcat]
2022-05-17 10:24:16,155 INFO org.apache.catalina.core.StandardEngine [restartedMain] Starting Servlet engine: [Apache Tomcat/9.0.62]
2022-05-17 10:24:16,216 INFO org.apache.catalina.core.ContainerBase.[Tomcat].[localhost].[/] [restartedMain] Initializing Spring embedded WebApplicationContext
2022-05-17 10:24:16,216 INFO org.springframework.boot.web.servlet.context.ServletWebServerApplicationContext [restartedMain] Root WebApplicationContext: initialization completed in 843 ms
2022-05-17 10:24:16,309 INFO org.hibernate.jpa.internal.util.LogHelper [restartedMain] HHH000204: Processing PersistenceUnitInfo [name: default]
2022-05-17 10:24:16,319 INFO com.zaxxer.hikari.HikariDataSource [restartedMain] HikariPool-5 - Starting...
2022-05-17 10:24:16,376 INFO com.zaxxer.hikari.HikariDataSource [restartedMain] HikariPool-5 - Start completed.
2022-05-17 10:24:16,377 INFO org.hibernate.dialect.Dialect [restartedMain] HHH000400: Using dialect: org.hibernate.dialect.MySQL5Dialect
2022-05-17 10:24:16,449 INFO org.hibernate.engine.transaction.jta.platform.internal.JtaPlatformInitiator [restartedMain] HHH000490: Using JtaPlatform implementation: [org.hibernate.engine.transaction.jta.platform.internal.NoJtaPlatform]
2022-05-17 10:24:16,450 INFO org.springframework.orm.jpa.LocalContainerEntityManagerFactoryBean [restartedMain] Initialized JPA EntityManagerFactory for persistence unit 'default'
2022-05-17 10:24:16,598 WARN org.springframework.boot.autoconfigure.orm.jpa.JpaBaseConfiguration$JpaWebConfiguration [restartedMain] spring.jpa.open-in-view is enabled by default. Therefore, database queries may be performed during view rendering. Explicitly configure spring.jpa.open-in-view to disable this warning
2022-05-17 10:24:16,789 INFO org.springframework.boot.devtools.autoconfigure.OptionalLiveReloadServer [restartedMain] LiveReload server is running on port 35729
2022-05-17 10:24:16,802 INFO org.springframework.boot.web.embedded.tomcat.TomcatWebServer [restartedMain] Tomcat started on port(s): 9090 (http) with context path ''
2022-05-17 10:24:16,806 INFO com.cts.sbjpa.sbjpa12.Sbjpa12Application [restartedMain] Started Sbjpa12Application in 1.559 seconds (JVM running for 365.767)
2022-05-17 10:24:16,813 INFO org.springframework.boot.devtools.autoconfigure.ConditionEvaluationDeltaLoggingListener [restartedMain] Condition evaluation unchanged
2022-05-17 10:25:08,245 INFO org.apache.catalina.core.ContainerBase.[Tomcat].[localhost].[/] [http-nio-9090-exec-3] Initializing Spring DispatcherServlet 'dispatcherServlet'
2022-05-17 10:25:08,245 INFO org.springframework.web.servlet.DispatcherServlet [http-nio-9090-exec-3] Initializing Servlet 'dispatcherServlet'
2022-05-17 10:25:08,246 INFO org.springframework.web.servlet.DispatcherServlet [http-nio-9090-exec-3] Completed initialization in 1 ms
2022-05-17 10:25:08,250 DEBUG com.cts.sbjpa.sbjpa12.controller.ProductController [http-nio-9090-exec-3] Get Product with id 1 initiated
2022-05-17 11:44:50,976 INFO org.springframework.orm.jpa.LocalContainerEntityManagerFactoryBean [Thread-19] Closing JPA EntityManagerFactory for persistence unit 'default'
2022-05-17 11:44:51,119 INFO com.zaxxer.hikari.HikariDataSource [Thread-19] HikariPool-5 - Shutdown initiated...
2022-05-17 11:44:51,148 INFO com.zaxxer.hikari.HikariDataSource [Thread-19] HikariPool-5 - Shutdown completed.
